[19-Feb-2018 12:45:49 UTC] PHP Fatal error:  Class App\Repositories\Loan\EloquentLoanRepository contains 1 abstract method and must therefore be declared abstract or implement the remaining methods (App\Repositories\Loan\LoanContract::listAllLoans) in /home/ubuntu/workspace/app/Repositories/Loan/EloquentLoanRepository.php on line 8
[20-Feb-2018 15:17:31 UTC] PHP Fatal error:  Class App\Repositories\Loan\EloquentLoanRepository contains 1 abstract method and must therefore be declared abstract or implement the remaining methods (App\Repositories\Loan\LoanContract::register) in /home/ubuntu/workspace/app/Repositories/Loan/EloquentLoanRepository.php on line 8
[06-Mar-2018 06:43:41 UTC] PHP Notice:  Undefined index: host in /home/ubuntu/workspace/config/database.php on line 5
[06-Mar-2018 06:43:41 UTC] PHP Notice:  Undefined index: user in /home/ubuntu/workspace/config/database.php on line 6
[06-Mar-2018 06:43:41 UTC] PHP Notice:  Undefined index: pass in /home/ubuntu/workspace/config/database.php on line 7
[06-Mar-2018 06:43:50 UTC] PHP Notice:  Undefined index: host in /home/ubuntu/workspace/config/database.php on line 5
[06-Mar-2018 06:43:50 UTC] PHP Notice:  Undefined index: user in /home/ubuntu/workspace/config/database.php on line 6
[06-Mar-2018 06:43:50 UTC] PHP Notice:  Undefined index: pass in /home/ubuntu/workspace/config/database.php on line 7
[06-Mar-2018 06:43:50 UTC] PHP Notice:  Undefined index: host in /home/ubuntu/workspace/config/database.php on line 5
[06-Mar-2018 06:43:50 UTC] PHP Notice:  Undefined index: user in /home/ubuntu/workspace/config/database.php on line 6
[06-Mar-2018 06:43:50 UTC] PHP Notice:  Undefined index: pass in /home/ubuntu/workspace/config/database.php on line 7
[06-Mar-2018 06:43:51 UTC] PHP Notice:  Undefined index: host in /home/ubuntu/workspace/config/database.php on line 5
[06-Mar-2018 06:43:51 UTC] PHP Notice:  Undefined index: user in /home/ubuntu/workspace/config/database.php on line 6
[06-Mar-2018 06:43:51 UTC] PHP Notice:  Undefined index: pass in /home/ubuntu/workspace/config/database.php on line 7
[06-Mar-2018 06:43:51 UTC] PHP Notice:  Undefined index: host in /home/ubuntu/workspace/config/database.php on line 5
[06-Mar-2018 06:43:51 UTC] PHP Notice:  Undefined index: host in /home/ubuntu/workspace/config/database.php on line 5
[06-Mar-2018 06:43:51 UTC] PHP Notice:  Undefined index: user in /home/ubuntu/workspace/config/database.php on line 6
[06-Mar-2018 06:43:51 UTC] PHP Notice:  Undefined index: user in /home/ubuntu/workspace/config/database.php on line 6
[06-Mar-2018 06:43:51 UTC] PHP Notice:  Undefined index: pass in /home/ubuntu/workspace/config/database.php on line 7
[06-Mar-2018 06:43:51 UTC] PHP Notice:  Undefined index: pass in /home/ubuntu/workspace/config/database.php on line 7
[06-Mar-2018 06:43:51 UTC] PHP Notice:  Undefined index: host in /home/ubuntu/workspace/config/database.php on line 5
[06-Mar-2018 06:43:51 UTC] PHP Notice:  Undefined index: user in /home/ubuntu/workspace/config/database.php on line 6
[06-Mar-2018 06:43:51 UTC] PHP Notice:  Undefined index: pass in /home/ubuntu/workspace/config/database.php on line 7
[06-Mar-2018 06:43:51 UTC] PHP Notice:  Undefined index: host in /home/ubuntu/workspace/config/database.php on line 5
[06-Mar-2018 06:43:51 UTC] PHP Notice:  Undefined index: user in /home/ubuntu/workspace/config/database.php on line 6
[06-Mar-2018 06:43:51 UTC] PHP Notice:  Undefined index: pass in /home/ubuntu/workspace/config/database.php on line 7
[06-Mar-2018 06:43:51 UTC] PHP Notice:  Undefined index: host in /home/ubuntu/workspace/config/database.php on line 5
[06-Mar-2018 06:43:51 UTC] PHP Notice:  Undefined index: user in /home/ubuntu/workspace/config/database.php on line 6
[06-Mar-2018 06:43:51 UTC] PHP Notice:  Undefined index: pass in /home/ubuntu/workspace/config/database.php on line 7
